[0m15:10:25  Running with dbt=1.6.2
[0m15:10:26  Registered adapter: bigquery=1.6.4
[0m15:10:26  [[33mWARNING[0m]: Configuration paths exist in your dbt_project.yml file which do not apply to any resources.
There are 1 unused configuration paths:
- models.finance.example
[0m15:10:26  Found 3 models, 4 tests, 1 source, 0 exposures, 0 metrics, 390 macros, 0 groups, 0 semantic models
[0m15:10:26  
[0m15:10:27  Concurrency: 4 threads (target='dev')
[0m15:10:27  
[0m15:10:27  Building catalog
[0m15:10:31  Catalog written to /home/ubuntu/airflow-setup/dbt-projects/finance/target/catalog.json
[0m16:49:38  Running with dbt=1.6.2
[0m16:49:38  Registered adapter: bigquery=1.6.4
[0m16:49:38  [[33mWARNING[0m]: Configuration paths exist in your dbt_project.yml file which do not apply to any resources.
There are 1 unused configuration paths:
- models.finance.example
[0m16:49:38  Found 3 models, 4 tests, 1 source, 0 exposures, 0 metrics, 390 macros, 0 groups, 0 semantic models
[0m16:49:38  
[0m16:49:39  Concurrency: 4 threads (target='dev')
[0m16:49:39  
[0m16:49:39  Building catalog
[0m16:49:43  Catalog written to /home/ubuntu/airflow-setup/dbt-projects/finance/target/catalog.json
[0m10:05:28  Running with dbt=1.6.2
[0m10:05:29  Registered adapter: bigquery=1.6.4
[0m10:05:29  [[33mWARNING[0m]: Configuration paths exist in your dbt_project.yml file which do not apply to any resources.
There are 1 unused configuration paths:
- models.finance.example
[0m10:05:29  Found 3 models, 4 tests, 1 source, 0 exposures, 0 metrics, 390 macros, 0 groups, 0 semantic models
[0m10:05:29  
[0m10:05:29  Concurrency: 4 threads (target='dev')
[0m10:05:29  
[0m10:05:29  Building catalog
[0m10:05:34  Catalog written to /home/ubuntu/airflow-setup/dbt-projects/finance/target/catalog.json
